d:\course_content\code-study\code_design\game\mygame1\mygame1\proj.win32\debug.win32\minimapswitch.obj
d:\course_content\code-study\code_design\game\mygame1\mygame1\proj.win32\debug.win32\settingscene.obj
d:\course_content\code-study\code_design\game\mygame1\mygame1\proj.win32\debug.win32\elements.obj
d:\course_content\code-study\code_design\game\mygame1\mygame1\proj.win32\debug.win32\manager.obj
d:\course_content\code-study\code_design\game\mygame1\mygame1\proj.win32\debug.win32\goldwoodsoil.obj
d:\course_content\code-study\code_design\game\mygame1\mygame1\proj.win32\debug.win32\tasks.obj
d:\course_content\code-study\code_design\game\mygame1\mygame1\proj.win32\debug.win32\taskmenu.obj
d:\course_content\code-study\code_design\game\mygame1\mygame1\proj.win32\debug.win32\items.obj
d:\course_content\code-study\code_design\game\mygame1\mygame1\proj.win32\debug.win32\backgroundmanager.obj
d:\course_content\code-study\code_design\game\mygame1\mygame1\proj.win32\debug.win32\npc.obj
d:\course_content\code-study\code_design\game\mygame1\mygame1\proj.win32\debug.win32\minimapcreatescene.obj
d:\course_content\code-study\code_design\game\mygame1\mygame1\proj.win32\debug.win32\inventory.obj
d:\course_content\code-study\code_design\game\mygame1\mygame1\proj.win32\debug.win32\soilwatergoldfirewood.obj
d:\course_content\code-study\code_design\game\mygame1\mygame1\proj.win32\debug.win32\appdelegate.obj
d:\course_content\code-study\code_design\game\mygame1\mygame1\proj.win32\debug.win32\player.obj
d:\course_content\code-study\code_design\game\mygame1\mygame1\proj.win32\debug.win32\goldwoodsoilwater.obj
d:\course_content\code-study\code_design\game\mygame1\mygame1\proj.win32\debug.win32\mazegame.obj
d:\course_content\code-study\code_design\game\mygame1\mygame1\proj.win32\debug.win32\nicknamelayer.obj
d:\course_content\code-study\code_design\game\mygame1\mygame1\proj.win32\debug.win32\minimapmove.obj
d:\course_content\code-study\code_design\game\mygame1\mygame1\proj.win32\debug.win32\main.obj
d:\course_content\code-study\code_design\game\mygame1\mygame1\proj.win32\debug.win32\goldwood.obj
d:\course_content\code-study\code_design\game\mygame1\mygame1\proj.win32\debug.win32\skills.obj
d:\course_content\code-study\code_design\game\mygame1\mygame1\proj.win32\debug.win32\helloworldscene.obj
d:\course_content\code-study\code_design\game\mygame1\mygame1\proj.win32\debug.win32\quizgame.obj
d:\course_content\code-study\code_design\game\mygame1\mygame1\proj.win32\debug.win32\vc143.pdb
d:\course_content\code-study\code_design\game\mygame1\mygame1\proj.win32\debug.win32\vc143.idb
d:\course_content\code-study\code_design\game\mygame1\mygame1\proj.win32\mygame1.cab
c:\users\lenovo\projects\bugs-bugger-off\mygame1\proj.win32\debug.win32\mygame1.lib
c:\users\lenovo\projects\bugs-bugger-off\mygame1\proj.win32\debug.win32\mygame1.exp
d:\course_content\code-study\code_design\game\mygame1\mygame1\proj.win32\debug.win32\mygame1.exe
d:\course_content\code-study\code_design\game\mygame1\mygame1\proj.win32\debug.win32\mygame1.pdb
d:\course_content\code-study\code_design\game\mygame1\mygame1\proj.win32\debug.win32\game.res
d:\course_content\code-study\code_design\game\mygame1\mygame1\proj.win32\debug.win32\mygame1.lib
d:\course_content\code-study\code_design\game\mygame1\mygame1\proj.win32\debug.win32\mygame1.exp
d:\course_content\code-study\code_design\game\mygame1\mygame1\proj.win32\debug.win32\mygame1.ilk
d:\course_content\code-study\code_design\game\mygame1\mygame1\proj.win32\debug.win32\battlescene.obj
d:\course_content\code-study\code_design\game\mygame1\mygame1\proj.win32\debug.win32\goldmapinteraction.obj
d:\course_content\code-study\code_design\game\mygame1\mygame1\proj.win32\debug.win32\interactablenpc.obj
d:\course_content\code-study\code_design\game\mygame1\mygame1\proj.win32\debug.win32\interactableobjects.obj
d:\course_content\code-study\code_design\game\mygame1\mygame1\proj.win32\debug.win32\interaction.obj
d:\course_content\code-study\code_design\game\mygame1\mygame1\proj.win32\debug.win32\minimap.obj
d:\course_content\code-study\code_design\game\mygame1\mygame1\proj.win32\debug.win32\triggercondition.obj
d:\course_content\code-study\code_design\game\mygame1\mygame1\proj.win32\debug.win32\villagemapinteraction.obj
d:\course_content\code-study\code_design\game\mygame1\mygame1\proj.win32\debug.win32\libcocos2d.exp
d:\course_content\code-study\code_design\game\mygame1\mygame1\proj.win32\debug.win32\libspine.idb
d:\course_content\code-study\code_design\game\mygame1\mygame1\proj.win32\debug.win32\libcocos2d.pdb
d:\course_content\code-study\code_design\game\mygame1\mygame1\proj.win32\debug.win32\librecast.pdb
d:\course_content\code-study\code_design\game\mygame1\mygame1\proj.win32\debug.win32\libspine.pdb
d:\course_content\code-study\code_design\game\mygame1\mygame1\proj.win32\debug.win32\mygame1.tlog\cl.command.1.tlog
d:\course_content\code-study\code_design\game\mygame1\mygame1\proj.win32\debug.win32\mygame1.tlog\cl.items.tlog
d:\course_content\code-study\code_design\game\mygame1\mygame1\proj.win32\debug.win32\mygame1.tlog\cl.read.1.tlog
d:\course_content\code-study\code_design\game\mygame1\mygame1\proj.win32\debug.win32\mygame1.tlog\cl.write.1.tlog
d:\course_content\code-study\code_design\game\mygame1\mygame1\proj.win32\debug.win32\mygame1.tlog\custombuildstep.read.1u.tlog
d:\course_content\code-study\code_design\game\mygame1\mygame1\proj.win32\debug.win32\mygame1.tlog\custombuildstep.write.1u.tlog
d:\course_content\code-study\code_design\game\mygame1\mygame1\proj.win32\debug.win32\mygame1.tlog\link.command.1.tlog
d:\course_content\code-study\code_design\game\mygame1\mygame1\proj.win32\debug.win32\mygame1.tlog\link.read.1.tlog
d:\course_content\code-study\code_design\game\mygame1\mygame1\proj.win32\debug.win32\mygame1.tlog\link.secondary.1.tlog
d:\course_content\code-study\code_design\game\mygame1\mygame1\proj.win32\debug.win32\mygame1.tlog\link.write.1.tlog
d:\course_content\code-study\code_design\game\mygame1\mygame1\proj.win32\debug.win32\mygame1.tlog\rc.command.1.tlog
d:\course_content\code-study\code_design\game\mygame1\mygame1\proj.win32\debug.win32\mygame1.tlog\rc.read.1.tlog
d:\course_content\code-study\code_design\game\mygame1\mygame1\proj.win32\debug.win32\mygame1.tlog\rc.write.1.tlog
